<?xml version="1.0" encoding="UTF-8"?>
<!-- Generated by org.testng.reporters.JUnitXMLReporter -->
<testsuite ignored="0" hostname="PraNit" failures="0" tests="11" name="Test" time="8.471" errors="0" timestamp="2024-12-21T04:20:09 IST">
  <testcase classname="api.Tests.CartFunction" name="addProductInCart" time="0.155"/>
  <testcase classname="api.Tests.CartFunction" name="getCartProducts" time="2.223"/>
  <testcase classname="api.Tests.CartFunction" name="editProductsQuantity" time="0.117"/>
  <testcase classname="api.Tests.CartFunction" name="removeCartProduct" time="0.074"/>
  <testcase classname="api.Tests.ShippingMethod" name="addShippingAddress" time="0.16"/>
  <testcase classname="api.Tests.ShippingMethod" name="getShippingMethods" time="1.194"/>
  <testcase classname="api.Tests.ShippingMethod" name="setSippingMethod" time="0.081"/>
  <testcase classname="api.Tests.ShippingMethod" name="addCostumerDetails" time="0.278"/>
  <testcase classname="api.Tests.PaymentModule" name="addPaymentAddress" time="0.085"/>
  <testcase classname="api.Tests.PaymentModule" name="getPaymentMethods" time="1.19"/>
  <testcase classname="api.Tests.PaymentModule" name="setPaymentMethod" time="0.116"/>
</testsuite> <!-- Test -->
