<?xml version="1.0" encoding="UTF-8"?>
<!-- Generated by org.testng.reporters.JUnitXMLReporter -->
<testsuite ignored="0" hostname="PraNit" failures="0" tests="11" name="Test" time="8.53" errors="0" timestamp="2024-12-21T14:31:46 IST">
  <testcase classname="api.Tests.CartFunction" name="addProductInCart" time="0.136"/>
  <testcase classname="api.Tests.CartFunction" name="getCartProducts" time="2.277"/>
  <testcase classname="api.Tests.CartFunction" name="editProductsQuantity" time="0.108"/>
  <testcase classname="api.Tests.CartFunction" name="removeCartProduct" time="0.082"/>
  <testcase classname="api.Tests.ShippingMethod" name="addShippingAddress" time="0.175"/>
  <testcase classname="api.Tests.ShippingMethod" name="getShippingMethods" time="1.212"/>
  <testcase classname="api.Tests.ShippingMethod" name="setSippingMethod" time="0.102"/>
  <testcase classname="api.Tests.ShippingMethod" name="addCostumerDetails" time="0.278"/>
  <testcase classname="api.Tests.PaymentModule" name="addPaymentAddress" time="0.078"/>
  <testcase classname="api.Tests.PaymentModule" name="getPaymentMethods" time="1.188"/>
  <testcase classname="api.Tests.PaymentModule" name="setPaymentMethod" time="0.092"/>
</testsuite> <!-- Test -->
