<?xml version="1.0" encoding="UTF-8"?>
<testsuite xmlns:xsi="http://www.w3.org/2001/XMLSchema-instance" xsi:noNamespaceSchemaLocation="https://maven.apache.org/surefire/maven-surefire-plugin/xsd/surefire-test-report.xsd" version="3.0.2" name="TestSuite" time="9.299" tests="11" errors="0" skipped="0" failures="0">
  <properties>
[...]
</properties>
  <testcase name="addProductInCart[org.testng.TestRunner@78d73b1b](1)" classname="api.Tests.CartFunction" time="0.141">
    <system-out><![CDATA[14:31:40.006 [main] DEBUG api.Tests.CartFunction - ******Adding the product in cart*******
ca16ec69144673f87d530cb677
14:31:40.133 [main] DEBUG api.Tests.CartFunction - ******Product is added in cart*******
]]></system-out>
    <system-err><![CDATA[SLF4J: Failed to load class "org.slf4j.impl.StaticLoggerBinder".
SLF4J: Defaulting to no-operation (NOP) logger implementation
SLF4J: See http://www.slf4j.org/codes.html#StaticLoggerBinder for further details.
]]></system-err>
  </testcase>
  <testcase name="getCartProducts[org.testng.TestRunner@78d73b1b](1)" classname="api.Tests.CartFunction" time="2.279">
    <system-out><![CDATA[14:31:40.144 [main] DEBUG api.Tests.CartFunction - ******Getting cart product details *******
14:31:42.418 [main] DEBUG api.Tests.CartFunction - ******Product is fetched successfully*******
]]></system-out>
  </testcase>
  <testcase name="editProductsQuantity[org.testng.TestRunner@78d73b1b](1)" classname="api.Tests.CartFunction" time="0.108">
    <system-out><![CDATA[14:31:42.426 [main] DEBUG api.Tests.CartFunction - ******editing product quantity in cart*******
91
{
    "success": "Success: You have modified your shopping cart!"
}
14:31:42.533 [main] DEBUG api.Tests.CartFunction - ******Product Quantity is edited*******
]]></system-out>
  </testcase>
  <testcase name="removeCartProduct[org.testng.TestRunner@78d73b1b](1)" classname="api.Tests.CartFunction" time="0.082">
    <system-out><![CDATA[14:31:42.535 [main] DEBUG api.Tests.CartFunction - ******Removing Product From Cart*******
14:31:42.616 [main] DEBUG api.Tests.CartFunction - ******Product is removed from cart*******
]]></system-out>
  </testcase>
  <testcase name="addShippingAddress[org.testng.TestRunner@78d73b1b](1)" classname="api.Tests.ShippingMethod" time="0.173">
    <system-out><![CDATA[14:31:42.621 [main] DEBUG api.Tests.ShippingMethod - ******Adding shipping address*******
ca16ec69144673f87d530cb677
14:31:42.794 [main] DEBUG api.Tests.ShippingMethod - ******Shipping address is added*******
]]></system-out>
  </testcase>
  <testcase name="getShippingMethods[org.testng.TestRunner@78d73b1b](1)" classname="api.Tests.ShippingMethod" time="1.211">
    <system-out><![CDATA[14:31:42.796 [main] DEBUG api.Tests.ShippingMethod - ******Getting shipping methods*******
14:31:44.006 [main] DEBUG api.Tests.ShippingMethod - ******Shipping methods are fetched successfully*******
]]></system-out>
  </testcase>
  <testcase name="setSippingMethod[org.testng.TestRunner@78d73b1b](1)" classname="api.Tests.ShippingMethod" time="0.103">
    <system-out><![CDATA[14:31:44.008 [main] DEBUG api.Tests.ShippingMethod - ******Selecting shipping method*******
flat.flat
{
    "success": "Success: Shipping method has been set!"
}
14:31:44.110 [main] DEBUG api.Tests.ShippingMethod - ******Shipping method is selected*******
]]></system-out>
  </testcase>
  <testcase name="addCostumerDetails[org.testng.TestRunner@78d73b1b](1)" classname="api.Tests.ShippingMethod" time="0.279">
    <system-out><![CDATA[14:31:44.111 [main] DEBUG api.Tests.ShippingMethod - ******Adding costumer details*******
14:31:44.389 [main] DEBUG api.Tests.ShippingMethod - ******Costumer details is added successfully*******
]]></system-out>
  </testcase>
  <testcase name="addPaymentAddress[org.testng.TestRunner@78d73b1b](1)" classname="api.Tests.PaymentModule" time="0.077">
    <system-out><![CDATA[14:31:44.392 [main] DEBUG api.Tests.PaymentModule - ******Adding payment address*******
{
    "success": "Success: Payment address has been set!"
}
14:31:44.468 [main] DEBUG api.Tests.PaymentModule - ******Payment address is added*******
]]></system-out>
  </testcase>
  <testcase name="getPaymentMethods[org.testng.TestRunner@78d73b1b](1)" classname="api.Tests.PaymentModule" time="1.19">
    <system-out><![CDATA[14:31:44.470 [main] DEBUG api.Tests.PaymentModule - ******Getting payment methods*******
{
    "payment_methods": {
        "cod": {
            "code": "cod",
            "title": "Cash On Delivery",
            "terms": "",
            "sort_order": "5"
        }
    }
}
14:31:45.657 [main] DEBUG api.Tests.PaymentModule - ******Payment methods are fetched successfully*******
]]></system-out>
  </testcase>
  <testcase name="setPaymentMethod[org.testng.TestRunner@78d73b1b](1)" classname="api.Tests.PaymentModule" time="0.093">
    <system-out><![CDATA[14:31:45.663 [main] DEBUG api.Tests.PaymentModule - ******Selecting the payment method*******
{
    "success": "Success: Payment method has been set!"
}
14:31:45.754 [main] DEBUG api.Tests.PaymentModule - ******Payment method is selected successfully*******
]]></system-out>
  </testcase>
</testsuite>