<?xml version="1.0" encoding="UTF-8"?>
<testng-results ignored="0" total="11" passed="11" failed="0" skipped="0">
  <reporter-output>
  </reporter-output>
  <suite started-at="2024-12-21T04:20:01 IST" name="Suite" finished-at="2024-12-21T04:20:09 IST" duration-ms="8471">
    <groups>
    </groups>
    <test started-at="2024-12-21T04:20:01 IST" name="Test" finished-at="2024-12-21T04:20:09 IST" duration-ms="8471">
      <class name="api.Tests.ShippingMethod">
        <test-method is-config="true" signature="setdata()[pri:0, instance:api.Tests.ShippingMethod@3c46e67a]" started-at="2024-12-21T04:20:06 IST" name="setdata" finished-at="2024-12-21T04:20:06 IST" duration-ms="1" status="PASS">
          <reporter-output>
          </reporter-output>
        </test-method> <!-- setdata -->
        <test-method signature="addShippingAddress(org.testng.ITestContext)[pri:1, instance:api.Tests.ShippingMethod@3c46e67a]" started-at="2024-12-21T04:20:06 IST" name="addShippingAddress" finished-at="2024-12-21T04:20:06 IST" duration-ms="160" status="PASS">
          <params>
            <param index="0">
              <value>
                <![CDATA[org.testng.TestRunner@d25e878]]>
              </value>
            </param>
          </params>
          <reporter-output>
          </reporter-output>
        </test-method> <!-- addShippingAddress -->
        <test-method signature="getShippingMethods(org.testng.ITestContext)[pri:2, instance:api.Tests.ShippingMethod@3c46e67a]" started-at="2024-12-21T04:20:06 IST" name="getShippingMethods" finished-at="2024-12-21T04:20:07 IST" duration-ms="1194" status="PASS">
          <params>
            <param index="0">
              <value>
                <![CDATA[org.testng.TestRunner@d25e878]]>
              </value>
            </param>
          </params>
          <reporter-output>
          </reporter-output>
        </test-method> <!-- getShippingMethods -->
        <test-method signature="setSippingMethod(org.testng.ITestContext)[pri:3, instance:api.Tests.ShippingMethod@3c46e67a]" started-at="2024-12-21T04:20:07 IST" name="setSippingMethod" finished-at="2024-12-21T04:20:08 IST" duration-ms="81" status="PASS">
          <params>
            <param index="0">
              <value>
                <![CDATA[org.testng.TestRunner@d25e878]]>
              </value>
            </param>
          </params>
          <reporter-output>
          </reporter-output>
        </test-method> <!-- setSippingMethod -->
        <test-method signature="addCostumerDetails(org.testng.ITestContext)[pri:4, instance:api.Tests.ShippingMethod@3c46e67a]" started-at="2024-12-21T04:20:08 IST" name="addCostumerDetails" finished-at="2024-12-21T04:20:08 IST" duration-ms="278" status="PASS">
          <params>
            <param index="0">
              <value>
                <![CDATA[org.testng.TestRunner@d25e878]]>
              </value>
            </param>
          </params>
          <reporter-output>
          </reporter-output>
        </test-method> <!-- addCostumerDetails -->
      </class> <!-- api.Tests.ShippingMethod -->
      <class name="api.Tests.CartFunction">
        <test-method is-config="true" signature="Setup(org.testng.ITestContext)[pri:0, instance:api.Tests.CartFunction@1d296da]" started-at="2024-12-21T04:20:01 IST" name="Setup" finished-at="2024-12-21T04:20:04 IST" duration-ms="2492" status="PASS">
          <params>
            <param index="0">
              <value>
                <![CDATA[org.testng.TestRunner@d25e878]]>
              </value>
            </param>
          </params>
          <reporter-output>
          </reporter-output>
        </test-method> <!-- Setup -->
        <test-method signature="addProductInCart(org.testng.ITestContext)[pri:1, instance:api.Tests.CartFunction@1d296da]" started-at="2024-12-21T04:20:04 IST" name="addProductInCart" finished-at="2024-12-21T04:20:04 IST" duration-ms="155" status="PASS">
          <params>
            <param index="0">
              <value>
                <![CDATA[org.testng.TestRunner@d25e878]]>
              </value>
            </param>
          </params>
          <reporter-output>
          </reporter-output>
        </test-method> <!-- addProductInCart -->
        <test-method signature="getCartProducts(org.testng.ITestContext)[pri:2, instance:api.Tests.CartFunction@1d296da]" started-at="2024-12-21T04:20:04 IST" name="getCartProducts" finished-at="2024-12-21T04:20:06 IST" duration-ms="2223" status="PASS">
          <params>
            <param index="0">
              <value>
                <![CDATA[org.testng.TestRunner@d25e878]]>
              </value>
            </param>
          </params>
          <reporter-output>
          </reporter-output>
        </test-method> <!-- getCartProducts -->
        <test-method signature="editProductsQuantity(org.testng.ITestContext)[pri:3, instance:api.Tests.CartFunction@1d296da]" started-at="2024-12-21T04:20:06 IST" name="editProductsQuantity" finished-at="2024-12-21T04:20:06 IST" duration-ms="117" status="PASS">
          <params>
            <param index="0">
              <value>
                <![CDATA[org.testng.TestRunner@d25e878]]>
              </value>
            </param>
          </params>
          <reporter-output>
          </reporter-output>
        </test-method> <!-- editProductsQuantity -->
        <test-method signature="removeCartProduct(org.testng.ITestContext)[pri:4, instance:api.Tests.CartFunction@1d296da]" started-at="2024-12-21T04:20:06 IST" name="removeCartProduct" finished-at="2024-12-21T04:20:06 IST" duration-ms="74" status="PASS">
          <params>
            <param index="0">
              <value>
                <![CDATA[org.testng.TestRunner@d25e878]]>
              </value>
            </param>
          </params>
          <reporter-output>
          </reporter-output>
        </test-method> <!-- removeCartProduct -->
      </class> <!-- api.Tests.CartFunction -->
      <class name="api.Tests.PaymentModule">
        <test-method is-config="true" signature="setup()[pri:0, instance:api.Tests.PaymentModule@c730b35]" started-at="2024-12-21T04:20:08 IST" name="setup" finished-at="2024-12-21T04:20:08 IST" duration-ms="0" status="PASS">
          <reporter-output>
          </reporter-output>
        </test-method> <!-- setup -->
        <test-method signature="addPaymentAddress(org.testng.ITestContext)[pri:1, instance:api.Tests.PaymentModule@c730b35]" started-at="2024-12-21T04:20:08 IST" name="addPaymentAddress" finished-at="2024-12-21T04:20:08 IST" duration-ms="85" status="PASS">
          <params>
            <param index="0">
              <value>
                <![CDATA[org.testng.TestRunner@d25e878]]>
              </value>
            </param>
          </params>
          <reporter-output>
          </reporter-output>
        </test-method> <!-- addPaymentAddress -->
        <test-method signature="getPaymentMethods(org.testng.ITestContext)[pri:2, instance:api.Tests.PaymentModule@c730b35]" started-at="2024-12-21T04:20:08 IST" name="getPaymentMethods" finished-at="2024-12-21T04:20:09 IST" duration-ms="1190" status="PASS">
          <params>
            <param index="0">
              <value>
                <![CDATA[org.testng.TestRunner@d25e878]]>
              </value>
            </param>
          </params>
          <reporter-output>
          </reporter-output>
        </test-method> <!-- getPaymentMethods -->
        <test-method signature="setPaymentMethod(org.testng.ITestContext)[pri:3, instance:api.Tests.PaymentModule@c730b35]" started-at="2024-12-21T04:20:09 IST" name="setPaymentMethod" finished-at="2024-12-21T04:20:09 IST" duration-ms="116" status="PASS">
          <params>
            <param index="0">
              <value>
                <![CDATA[org.testng.TestRunner@d25e878]]>
              </value>
            </param>
          </params>
          <reporter-output>
          </reporter-output>
        </test-method> <!-- setPaymentMethod -->
      </class> <!-- api.Tests.PaymentModule -->
    </test> <!-- Test -->
  </suite> <!-- Suite -->
</testng-results>
